# JRE version: Java(TM) SE Runtime Environment (8.0_121-b13) (build 1.8.0_121-b13)
# Java VM: Java HotSpot(TM) 64-Bit Server VM (25.121-b13 mixed mode windows-amd64 compressed oops)
Heap:
 PSYoungGen      total 32768K, used 16656K [0x00000000d5c00000, 0x00000000d9500000, 0x0000000100000000)
  eden space 23552K, 31% used [0x00000000d5c00000,0x00000000d635c288,0x00000000d7300000)
  from space 9216K, 98% used [0x00000000d7300000,0x00000000d7be8000,0x00000000d7c00000)
  to   space 17408K, 0% used [0x00000000d8400000,0x00000000d8400000,0x00000000d9500000)
 ParOldGen       total 82432K, used 45255K [0x0000000081400000, 0x0000000086480000, 0x00000000d5c00000)
  object space 82432K, 54% used [0x0000000081400000,0x0000000084031e38,0x0000000086480000)
 Metaspace       used 5442K, capacity 5666K, committed 5888K, reserved 1056768K
  class space    used 608K, capacity 693K, committed 768K, reserved 1048576K
GC Heap History (10 events):
Event: 2039.440 GC heap before
{Heap before GC invocations=25 (full 1):
 PSYoungGen      total 43008K, used 33344K [0x00000000d5c00000, 0x00000000d9880000, 0x0000000100000000)
  eden space 24064K, 100% used [0x00000000d5c00000,0x00000000d7380000,0x00000000d7380000)
  from space 18944K, 48% used [0x00000000d7380000,0x00000000d7c90000,0x00000000d8600000)
  to   space 18944K, 0% used [0x00000000d8600000,0x00000000d8600000,0x00000000d9880000)
 ParOldGen       total 113152K, used 98572K [0x0000000081400000, 0x0000000088280000, 0x00000000d5c00000)
  object space 113152K, 87% used [0x0000000081400000,0x00000000874432f0,0x0000000088280000)
 Metaspace       used 5448K, capacity 5676K, committed 5888K, reserved 1056768K
  class space    used 611K, capacity 698K, committed 768K, reserved 1048576K
Event: 2039.466 GC heap after
Heap after GC invocations=25 (full 1):
 PSYoungGen      total 41984K, used 9312K [0x00000000d5c00000, 0x00000000d9780000, 0x0000000100000000)
  eden space 24064K, 0% used [0x00000000d5c00000,0x00000000d5c00000,0x00000000d7380000)
  from space 17920K, 51% used [0x00000000d8600000,0x00000000d8f18000,0x00000000d9780000)
  to   space 18432K, 0% used [0x00000000d7380000,0x00000000d7380000,0x00000000d8580000)
 ParOldGen       total 113152K, used 102164K [0x0000000081400000, 0x0000000088280000, 0x00000000d5c00000)
  object space 113152K, 90% used [0x0000000081400000,0x00000000877c52f0,0x0000000088280000)
 Metaspace       used 5448K, capacity 5676K, committed 5888K, reserved 1056768K
  class space    used 611K, capacity 698K, committed 768K, reserved 1048576K
}
Event: 2114.431 GC heap before
{Heap before GC invocations=26 (full 1):
 PSYoungGen      total 41984K, used 33376K [0x00000000d5c00000, 0x00000000d9780000, 0x0000000100000000)
  eden space 24064K, 100% used [0x00000000d5c00000,0x00000000d7380000,0x00000000d7380000)
  from space 17920K, 51% used [0x00000000d8600000,0x00000000d8f18000,0x00000000d9780000)
  to   space 18432K, 0% used [0x00000000d7380000,0x00000000d7380000,0x00000000d8580000)
 ParOldGen       total 113152K, used 102164K [0x0000000081400000, 0x0000000088280000, 0x00000000d5c00000)
  object space 113152K, 90% used [0x0000000081400000,0x00000000877c52f0,0x0000000088280000)
 Metaspace       used 5448K, capacity 5676K, committed 5888K, reserved 1056768K
  class space    used 611K, capacity 698K, committed 768K, reserved 1048576K
Event: 2114.461 GC heap after
Heap after GC invocations=26 (full 1):
 PSYoungGen      total 33792K, used 9312K [0x00000000d5c00000, 0x00000000d9680000, 0x0000000100000000)
  eden space 24064K, 0% used [0x00000000d5c00000,0x00000000d5c00000,0x00000000d7380000)
  from space 9728K, 95% used [0x00000000d7380000,0x00000000d7c98000,0x00000000d7d00000)
  to   space 17920K, 0% used [0x00000000d8500000,0x00000000d8500000,0x00000000d9680000)
 ParOldGen       total 113152K, used 105756K [0x0000000081400000, 0x0000000088280000, 0x00000000d5c00000)
  object space 113152K, 93% used [0x0000000081400000,0x0000000087b472f0,0x0000000088280000)
 Metaspace       used 5448K, capacity 5676K, committed 5888K, reserved 1056768K
  class space    used 611K, capacity 698K, committed 768K, reserved 1048576K
}
Event: 2114.462 GC heap before
{Heap before GC invocations=27 (full 2):
 PSYoungGen      total 33792K, used 9312K [0x00000000d5c00000, 0x00000000d9680000, 0x0000000100000000)
  eden space 24064K, 0% used [0x00000000d5c00000,0x00000000d5c00000,0x00000000d7380000)
  from space 9728K, 95% used [0x00000000d7380000,0x00000000d7c98000,0x00000000d7d00000)
  to   space 17920K, 0% used [0x00000000d8500000,0x00000000d8500000,0x00000000d9680000)
 ParOldGen       total 113152K, used 105756K [0x0000000081400000, 0x0000000088280000, 0x00000000d5c00000)
  object space 113152K, 93% used [0x0000000081400000,0x0000000087b472f0,0x0000000088280000)
 Metaspace       used 5448K, capacity 5676K, committed 5888K, reserved 1056768K
  class space    used 611K, capacity 698K, committed 768K, reserved 1048576K
Event: 2114.693 GC heap after
Heap after GC invocations=27 (full 2):
 PSYoungGen      total 33792K, used 0K [0x00000000d5c00000, 0x00000000d9680000, 0x0000000100000000)
  eden space 24064K, 0% used [0x00000000d5c00000,0x00000000d5c00000,0x00000000d7380000)
  from space 9728K, 0% used [0x00000000d7380000,0x00000000d7380000,0x00000000d7d00000)
  to   space 17920K, 0% used [0x00000000d8500000,0x00000000d8500000,0x00000000d9680000)
 ParOldGen       total 82432K, used 41655K [0x0000000081400000, 0x0000000086480000, 0x00000000d5c00000)
  object space 82432K, 50% used [0x0000000081400000,0x0000000083cade38,0x0000000086480000)
 Metaspace       used 5442K, capacity 5666K, committed 5888K, reserved 1056768K
  class space    used 608K, capacity 693K, committed 768K, reserved 1048576K
}
Event: 2189.401 GC heap before
{Heap before GC invocations=28 (full 2):
 PSYoungGen      total 33792K, used 24064K [0x00000000d5c00000, 0x00000000d9680000, 0x0000000100000000)
  eden space 24064K, 100% used [0x00000000d5c00000,0x00000000d7380000,0x00000000d7380000)
  from space 9728K, 0% used [0x00000000d7380000,0x00000000d7380000,0x00000000d7d00000)
  to   space 17920K, 0% used [0x00000000d8500000,0x00000000d8500000,0x00000000d9680000)
 ParOldGen       total 82432K, used 41655K [0x0000000081400000, 0x0000000086480000, 0x00000000d5c00000)
  object space 82432K, 50% used [0x0000000081400000,0x0000000083cade38,0x0000000086480000)
 Metaspace       used 5442K, capacity 5666K, committed 5888K, reserved 1056768K
  class space    used 608K, capacity 693K, committed 768K, reserved 1048576K
Event: 2189.435 GC heap after
Heap after GC invocations=28 (full 2):
 PSYoungGen      total 40960K, used 9280K [0x00000000d5c00000, 0x00000000d9600000, 0x0000000100000000)
  eden space 23552K, 0% used [0x00000000d5c00000,0x00000000d5c00000,0x00000000d7300000)
  from space 17408K, 53% used [0x00000000d8500000,0x00000000d8e10000,0x00000000d9600000)
  to   space 17920K, 0% used [0x00000000d7300000,0x00000000d7300000,0x00000000d8480000)
 ParOldGen       total 82432K, used 41655K [0x0000000081400000, 0x0000000086480000, 0x00000000d5c00000)
  object space 82432K, 50% used [0x0000000081400000,0x0000000083cade38,0x0000000086480000)
 Metaspace       used 5442K, capacity 5666K, committed 5888K, reserved 1056768K
  class space    used 608K, capacity 693K, committed 768K, reserved 1048576K
}
Event: 2262.793 GC heap before
{Heap before GC invocations=29 (full 2):
 PSYoungGen      total 40960K, used 32832K [0x00000000d5c00000, 0x00000000d9600000, 0x0000000100000000)
  eden space 23552K, 100% used [0x00000000d5c00000,0x00000000d7300000,0x00000000d7300000)
  from space 17408K, 53% used [0x00000000d8500000,0x00000000d8e10000,0x00000000d9600000)
  to   space 17920K, 0% used [0x00000000d7300000,0x00000000d7300000,0x00000000d8480000)
 ParOldGen       total 82432K, used 41655K [0x0000000081400000, 0x0000000086480000, 0x00000000d5c00000)
  object space 82432K, 50% used [0x0000000081400000,0x0000000083cade38,0x0000000086480000)
 Metaspace       used 5442K, capacity 5666K, committed 5888K, reserved 1056768K
  class space    used 608K, capacity 693K, committed 768K, reserved 1048576K
Event: 2262.818 GC heap after
Heap after GC invocations=29 (full 2):
 PSYoungGen      total 32768K, used 9120K [0x00000000d5c00000, 0x00000000d9500000, 0x0000000100000000)
  eden space 23552K, 0% used [0x00000000d5c00000,0x00000000d5c00000,0x00000000d7300000)
  from space 9216K, 98% used [0x00000000d7300000,0x00000000d7be8000,0x00000000d7c00000)
  to   space 17408K, 0% used [0x00000000d8400000,0x00000000d8400000,0x00000000d9500000)
 ParOldGen       total 82432K, used 45255K [0x0000000081400000, 0x0000000086480000, 0x00000000d5c00000)
  object space 82432K, 54% used [0x0000000081400000,0x0000000084031e38,0x0000000086480000)
 Metaspace       used 5442K, capacity 5666K, committed 5888K, reserved 1056768K
  class space    used 608K, capacity 693K, committed 768K, reserved 1048576K
}

